<?xml version="1.0" encoding="UTF-8"?>
<testng-results ignored="0" total="6" passed="3" failed="3" skipped="0">
  <reporter-output>
  </reporter-output>
  <suite started-at="2025-12-27T12:33:55 IST" name="Surefire suite" finished-at="2025-12-27T12:35:16 IST" duration-ms="80361">
    <groups>
    </groups>
    <test started-at="2025-12-27T12:33:55 IST" name="Surefire test" finished-at="2025-12-27T12:35:16 IST" duration-ms="80361">
      <class name="OrangeHRMLoginTests">
        <test-method is-config="true" signature="setUpClass()[pri:0, instance:OrangeHRMLoginTests@4f6ee6e4]" started-at="2025-12-27T12:34:32 IST" name="setUpClass" finished-at="2025-12-27T12:34:32 IST" duration-ms="911" status="PASS">
          <reporter-output>
          </reporter-output>
        </test-method> <!-- setUpClass -->
        <test-method is-config="true" signature="navigateToLogin()[pri:0, instance:OrangeHRMLoginTests@4f6ee6e4]" started-at="2025-12-27T12:34:32 IST" name="navigateToLogin" finished-at="2025-12-27T12:34:40 IST" duration-ms="7715" status="PASS">
          <reporter-output>
          </reporter-output>
        </test-method> <!-- navigateToLogin -->
        <test-method signature="TC001_Login_Success_Dashboard_Visible()[pri:0, instance:OrangeHRMLoginTests@4f6ee6e4]" started-at="2025-12-27T12:34:40 IST" name="TC001_Login_Success_Dashboard_Visible" description="TC001_Login_Success_Dashboard_Visible: Verify that a registered user can log in with valid credentials and see the Dashboard." finished-at="2025-12-27T12:34:45 IST" duration-ms="5003" status="PASS">
          <reporter-output>
          </reporter-output>
        </test-method> <!-- TC001_Login_Success_Dashboard_Visible -->
        <test-method is-config="true" signature="navigateToLogin()[pri:0, instance:OrangeHRMLoginTests@4f6ee6e4]" started-at="2025-12-27T12:34:45 IST" name="navigateToLogin" finished-at="2025-12-27T12:34:46 IST" duration-ms="890" status="PASS">
          <reporter-output>
          </reporter-output>
        </test-method> <!-- navigateToLogin -->
        <test-method signature="TC002_Login_Success_Validate_Title_and_Dashboard_Elements()[pri:0, instance:OrangeHRMLoginTests@4f6ee6e4]" started-at="2025-12-27T12:34:46 IST" name="TC002_Login_Success_Validate_Title_and_Dashboard_Elements" description="TC002_Login_Success_Validate_Title_and_Dashboard_Elements: Verify successful login and validate title and key dashboard elements." finished-at="2025-12-27T12:34:58 IST" duration-ms="11681" status="FAIL">
          <exception class="java.lang.AssertionError">
            <message>
              <![CDATA[User is redirected to the dashboard expected [true] but found [false]]]>
            </message>
            <full-stacktrace>
              <![CDATA[java.lang.AssertionError: User is redirected to the dashboard expected [true] but found [false]
at org.testng.Assert.fail(Assert.java:111)
at org.testng.Assert.failNotEquals(Assert.java:1590)
at org.testng.Assert.assertTrue(Assert.java:57)
at OrangeHRMLoginTests.TC002_Login_Success_Validate_Title_and_Dashboard_Elements(OrangeHRMLoginTests.java:63)
at java.base/jdk.internal.reflect.DirectMethodHandleAccessor.invoke(DirectMethodHandleAccessor.java:103)
at java.base/java.lang.reflect.Method.invoke(Method.java:580)
at org.testng.internal.invokers.MethodInvocationHelper.invokeMethod(MethodInvocationHelper.java:141)
at org.testng.internal.invokers.TestInvoker.invokeMethod(TestInvoker.java:687)
at org.testng.internal.invokers.TestInvoker.invokeTestMethod(TestInvoker.java:230)
at org.testng.internal.invokers.MethodRunner.runInSequence(MethodRunner.java:63)
at org.testng.internal.invokers.TestInvoker$MethodInvocationAgent.invoke(TestInvoker.java:995)
at org.testng.internal.invokers.TestInvoker.invokeTestMethods(TestInvoker.java:203)
at org.testng.internal.invokers.TestMethodWorker.invokeTestMethods(TestMethodWorker.java:154)
at org.testng.internal.invokers.TestMethodWorker.run(TestMethodWorker.java:134)
at java.base/java.util.ArrayList.forEach(ArrayList.java:1597)
at org.testng.TestRunner.privateRun(TestRunner.java:741)
at org.testng.TestRunner.run(TestRunner.java:616)
at org.testng.SuiteRunner.runTest(SuiteRunner.java:421)
at org.testng.SuiteRunner.runSequentially(SuiteRunner.java:413)
at org.testng.SuiteRunner.privateRun(SuiteRunner.java:373)
at org.testng.SuiteRunner.run(SuiteRunner.java:312)
at org.testng.SuiteRunnerWorker.runSuite(SuiteRunnerWorker.java:52)
at org.testng.SuiteRunnerWorker.run(SuiteRunnerWorker.java:95)
at org.testng.TestNG.runSuitesSequentially(TestNG.java:1274)
at org.testng.TestNG.runSuitesLocally(TestNG.java:1208)
at org.testng.TestNG.runSuites(TestNG.java:1112)
at org.testng.TestNG.run(TestNG.java:1079)
at org.apache.maven.surefire.testng.TestNGExecutor.run(TestNGExecutor.java:155)
at org.apache.maven.surefire.testng.TestNGDirectoryTestSuite.executeMulti(TestNGDirectoryTestSuite.java:169)
at org.apache.maven.surefire.testng.TestNGDirectoryTestSuite.execute(TestNGDirectoryTestSuite.java:88)
at org.apache.maven.surefire.testng.TestNGProvider.invoke(TestNGProvider.java:137)
at org.apache.maven.surefire.booter.ForkedBooter.runSuitesInProcess(ForkedBooter.java:385)
at org.apache.maven.surefire.booter.ForkedBooter.execute(ForkedBooter.java:162)
at org.apache.maven.surefire.booter.ForkedBooter.run(ForkedBooter.java:507)
at org.apache.maven.surefire.booter.ForkedBooter.main(ForkedBooter.java:495)
]]>
            </full-stacktrace>
          </exception> <!-- java.lang.AssertionError -->
          <reporter-output>
          </reporter-output>
        </test-method> <!-- TC002_Login_Success_Validate_Title_and_Dashboard_Elements -->
        <test-method is-config="true" signature="navigateToLogin()[pri:0, instance:OrangeHRMLoginTests@4f6ee6e4]" started-at="2025-12-27T12:34:58 IST" name="navigateToLogin" finished-at="2025-12-27T12:35:00 IST" duration-ms="1935" status="PASS">
          <reporter-output>
          </reporter-output>
        </test-method> <!-- navigateToLogin -->
        <test-method signature="TC003_Login_Failure_Invalid_Credentials()[pri:0, instance:OrangeHRMLoginTests@4f6ee6e4]" started-at="2025-12-27T12:35:00 IST" name="TC003_Login_Failure_Invalid_Credentials" description="TC003_Login_Failure_Invalid_Credentials: Verify that login fails with invalid credentials and an appropriate error message is displayed." finished-at="2025-12-27T12:35:03 IST" duration-ms="3577" status="PASS">
          <reporter-output>
          </reporter-output>
        </test-method> <!-- TC003_Login_Failure_Invalid_Credentials -->
        <test-method is-config="true" signature="tearDownClass()[pri:0, instance:OrangeHRMLoginTests@4f6ee6e4]" started-at="2025-12-27T12:35:03 IST" name="tearDownClass" finished-at="2025-12-27T12:35:04 IST" duration-ms="416" status="PASS">
          <reporter-output>
          </reporter-output>
        </test-method> <!-- tearDownClass -->
      </class> <!-- OrangeHRMLoginTests -->
      <class name="OrangeHrmMyInfoFirstNameTest">
        <test-method is-config="true" signature="setUpChromeDriver()[pri:0, instance:OrangeHrmMyInfoFirstNameTest@4466af20]" started-at="2025-12-27T12:35:04 IST" name="setUpChromeDriver" finished-at="2025-12-27T12:35:05 IST" duration-ms="1240" status="PASS">
          <reporter-output>
          </reporter-output>
        </test-method> <!-- setUpChromeDriver -->
        <test-method signature="loginAndVerifyFirstNameIsNotEmpty()[pri:0, instance:OrangeHrmMyInfoFirstNameTest@4466af20]" started-at="2025-12-27T12:35:05 IST" name="loginAndVerifyFirstNameIsNotEmpty" description="Login to OrangeHRM, navigate to My Info, read First Name, print it, and assert it is not empty" finished-at="2025-12-27T12:35:16 IST" duration-ms="10667" status="FAIL">
          <exception class="java.lang.AssertionError">
            <message>
              <![CDATA[First Name value should not be empty or whitespace-only. expected [false] but found [true]]]>
            </message>
            <full-stacktrace>
              <![CDATA[java.lang.AssertionError: First Name value should not be empty or whitespace-only. expected [false] but found [true]
at org.testng.Assert.fail(Assert.java:111)
at org.testng.Assert.failNotEquals(Assert.java:1590)
at org.testng.Assert.assertFalse(Assert.java:79)
at OrangeHrmMyInfoFirstNameTest.loginAndVerifyFirstNameIsNotEmpty(OrangeHrmMyInfoFirstNameTest.java:98)
at java.base/jdk.internal.reflect.DirectMethodHandleAccessor.invoke(DirectMethodHandleAccessor.java:103)
at java.base/java.lang.reflect.Method.invoke(Method.java:580)
at org.testng.internal.invokers.MethodInvocationHelper.invokeMethod(MethodInvocationHelper.java:141)
at org.testng.internal.invokers.TestInvoker.invokeMethod(TestInvoker.java:687)
at org.testng.internal.invokers.TestInvoker.invokeTestMethod(TestInvoker.java:230)
at org.testng.internal.invokers.MethodRunner.runInSequence(MethodRunner.java:63)
at org.testng.internal.invokers.TestInvoker$MethodInvocationAgent.invoke(TestInvoker.java:995)
at org.testng.internal.invokers.TestInvoker.invokeTestMethods(TestInvoker.java:203)
at org.testng.internal.invokers.TestMethodWorker.invokeTestMethods(TestMethodWorker.java:154)
at org.testng.internal.invokers.TestMethodWorker.run(TestMethodWorker.java:134)
at java.base/java.util.ArrayList.forEach(ArrayList.java:1597)
at org.testng.TestRunner.privateRun(TestRunner.java:741)
at org.testng.TestRunner.run(TestRunner.java:616)
at org.testng.SuiteRunner.runTest(SuiteRunner.java:421)
at org.testng.SuiteRunner.runSequentially(SuiteRunner.java:413)
at org.testng.SuiteRunner.privateRun(SuiteRunner.java:373)
at org.testng.SuiteRunner.run(SuiteRunner.java:312)
at org.testng.SuiteRunnerWorker.runSuite(SuiteRunnerWorker.java:52)
at org.testng.SuiteRunnerWorker.run(SuiteRunnerWorker.java:95)
at org.testng.TestNG.runSuitesSequentially(TestNG.java:1274)
at org.testng.TestNG.runSuitesLocally(TestNG.java:1208)
at org.testng.TestNG.runSuites(TestNG.java:1112)
at org.testng.TestNG.run(TestNG.java:1079)
at org.apache.maven.surefire.testng.TestNGExecutor.run(TestNGExecutor.java:155)
at org.apache.maven.surefire.testng.TestNGDirectoryTestSuite.executeMulti(TestNGDirectoryTestSuite.java:169)
at org.apache.maven.surefire.testng.TestNGDirectoryTestSuite.execute(TestNGDirectoryTestSuite.java:88)
at org.apache.maven.surefire.testng.TestNGProvider.invoke(TestNGProvider.java:137)
at org.apache.maven.surefire.booter.ForkedBooter.runSuitesInProcess(ForkedBooter.java:385)
at org.apache.maven.surefire.booter.ForkedBooter.execute(ForkedBooter.java:162)
at org.apache.maven.surefire.booter.ForkedBooter.run(ForkedBooter.java:507)
at org.apache.maven.surefire.booter.ForkedBooter.main(ForkedBooter.java:495)
]]>
            </full-stacktrace>
          </exception> <!-- java.lang.AssertionError -->
          <reporter-output>
          </reporter-output>
        </test-method> <!-- loginAndVerifyFirstNameIsNotEmpty -->
        <test-method is-config="true" signature="tearDownDriver()[pri:0, instance:OrangeHrmMyInfoFirstNameTest@4466af20]" started-at="2025-12-27T12:35:16 IST" name="tearDownDriver" finished-at="2025-12-27T12:35:16 IST" duration-ms="201" status="PASS">
          <reporter-output>
          </reporter-output>
        </test-method> <!-- tearDownDriver -->
      </class> <!-- OrangeHrmMyInfoFirstNameTest -->
      <class name="OrangeHRMLoginPersonalDetailsTestWithExtentTest">
        <test-method is-config="true" signature="setUp()[pri:0, instance:OrangeHRMLoginPersonalDetailsTestWithExtentTest@40ef3420]" started-at="2025-12-27T12:33:55 IST" name="setUp" finished-at="2025-12-27T12:34:00 IST" duration-ms="4209" status="PASS">
          <reporter-output>
          </reporter-output>
        </test-method> <!-- setUp -->
        <test-method signature="loginAndVerifyFirstNameIsNotEmpty()[pri:0, instance:OrangeHRMLoginPersonalDetailsTestWithExtentTest@40ef3420]" started-at="2025-12-27T12:34:00 IST" name="loginAndVerifyFirstNameIsNotEmpty" finished-at="2025-12-27T12:34:13 IST" duration-ms="13531" status="FAIL">
          <exception class="java.lang.AssertionError">
            <message>
              <![CDATA[java.lang.AssertionError: First Name value should not be null/empty/whitespace-only. expected [true] but found [false]]]>
            </message>
            <full-stacktrace>
              <![CDATA[java.lang.AssertionError: java.lang.AssertionError: First Name value should not be null/empty/whitespace-only. expected [true] but found [false]
at OrangeHRMLoginPersonalDetailsTestWithExtentTest.loginAndVerifyFirstNameIsNotEmpty(OrangeHRMLoginPersonalDetailsTestWithExtentTest.java:157)
at java.base/jdk.internal.reflect.DirectMethodHandleAccessor.invoke(DirectMethodHandleAccessor.java:103)
at java.base/java.lang.reflect.Method.invoke(Method.java:580)
at org.testng.internal.invokers.MethodInvocationHelper.invokeMethod(MethodInvocationHelper.java:141)
at org.testng.internal.invokers.TestInvoker.invokeMethod(TestInvoker.java:687)
at org.testng.internal.invokers.TestInvoker.invokeTestMethod(TestInvoker.java:230)
at org.testng.internal.invokers.MethodRunner.runInSequence(MethodRunner.java:63)
at org.testng.internal.invokers.TestInvoker$MethodInvocationAgent.invoke(TestInvoker.java:995)
at org.testng.internal.invokers.TestInvoker.invokeTestMethods(TestInvoker.java:203)
at org.testng.internal.invokers.TestMethodWorker.invokeTestMethods(TestMethodWorker.java:154)
at org.testng.internal.invokers.TestMethodWorker.run(TestMethodWorker.java:134)
at java.base/java.util.ArrayList.forEach(ArrayList.java:1597)
at org.testng.TestRunner.privateRun(TestRunner.java:741)
at org.testng.TestRunner.run(TestRunner.java:616)
at org.testng.SuiteRunner.runTest(SuiteRunner.java:421)
at org.testng.SuiteRunner.runSequentially(SuiteRunner.java:413)
at org.testng.SuiteRunner.privateRun(SuiteRunner.java:373)
at org.testng.SuiteRunner.run(SuiteRunner.java:312)
at org.testng.SuiteRunnerWorker.runSuite(SuiteRunnerWorker.java:52)
at org.testng.SuiteRunnerWorker.run(SuiteRunnerWorker.java:95)
at org.testng.TestNG.runSuitesSequentially(TestNG.java:1274)
at org.testng.TestNG.runSuitesLocally(TestNG.java:1208)
at org.testng.TestNG.runSuites(TestNG.java:1112)
at org.testng.TestNG.run(TestNG.java:1079)
at org.apache.maven.surefire.testng.TestNGExecutor.run(TestNGExecutor.java:155)
at org.apache.maven.surefire.testng.TestNGDirectoryTestSuite.executeMulti(TestNGDirectoryTestSuite.java:169)
at org.apache.maven.surefire.testng.TestNGDirectoryTestSuite.execute(TestNGDirectoryTestSuite.java:88)
at org.apache.maven.surefire.testng.TestNGProvider.invoke(TestNGProvider.java:137)
at org.apache.maven.surefire.booter.ForkedBooter.runSuitesInProcess(ForkedBooter.java:385)
at org.apache.maven.surefire.booter.ForkedBooter.execute(ForkedBooter.java:162)
at org.apache.maven.surefire.booter.ForkedBooter.run(ForkedBooter.java:507)
at org.apache.maven.surefire.booter.ForkedBooter.main(ForkedBooter.java:495)
Caused by: java.lang.AssertionError: First Name value should not be null/empty/whitespace-only. expected [true] but found [false]
at org.testng.Assert.fail(Assert.java:111)
at org.testng.Assert.failNotEquals(Assert.java:1590)
at org.testng.Assert.assertTrue(Assert.java:57)
at OrangeHRMLoginPersonalDetailsTestWithExtentTest.loginAndVerifyFirstNameIsNotEmpty(OrangeHRMLoginPersonalDetailsTestWithExtentTest.java:144)
... 31 more
]]>
            </full-stacktrace>
          </exception> <!-- java.lang.AssertionError -->
          <reporter-output>
          </reporter-output>
        </test-method> <!-- loginAndVerifyFirstNameIsNotEmpty -->
        <test-method is-config="true" signature="tearDown()[pri:0, instance:OrangeHRMLoginPersonalDetailsTestWithExtentTest@40ef3420]" started-at="2025-12-27T12:34:13 IST" name="tearDown" finished-at="2025-12-27T12:34:15 IST" duration-ms="1497" status="PASS">
          <reporter-output>
          </reporter-output>
        </test-method> <!-- tearDown -->
      </class> <!-- OrangeHRMLoginPersonalDetailsTestWithExtentTest -->
      <class name="OrangeHRMLoginTest">
        <test-method is-config="true" signature="setUpChromeDriver()[pri:0, instance:OrangeHRMLoginTest@1fa268de]" started-at="2025-12-27T12:34:15 IST" name="setUpChromeDriver" finished-at="2025-12-27T12:34:16 IST" duration-ms="996" status="PASS">
          <reporter-output>
          </reporter-output>
        </test-method> <!-- setUpChromeDriver -->
        <test-method signature="shouldLoginWithValidCredentialsAndSeeDashboard()[pri:0, instance:OrangeHRMLoginTest@1fa268de]" started-at="2025-12-27T12:34:16 IST" name="shouldLoginWithValidCredentialsAndSeeDashboard" description="Verify user can log in with valid credentials and reach the Dashboard" finished-at="2025-12-27T12:34:31 IST" duration-ms="15338" status="PASS">
          <reporter-output>
          </reporter-output>
        </test-method> <!-- shouldLoginWithValidCredentialsAndSeeDashboard -->
        <test-method is-config="true" signature="tearDownAndQuitDriver()[pri:0, instance:OrangeHRMLoginTest@1fa268de]" started-at="2025-12-27T12:34:31 IST" name="tearDownAndQuitDriver" finished-at="2025-12-27T12:34:32 IST" duration-ms="421" status="PASS">
          <reporter-output>
          </reporter-output>
        </test-method> <!-- tearDownAndQuitDriver -->
      </class> <!-- OrangeHRMLoginTest -->
    </test> <!-- Surefire test -->
  </suite> <!-- Surefire suite -->
</testng-results>
