<?xml version="1.0" encoding="UTF-8"?>
<!-- Generated by org.testng.reporters.JUnitReportReporter -->
<testsuite hostname="MSI" failures="0" tests="3" name="OrangeHRMLoginTests" time="11.181" errors="0" timestamp="2025-12-26T18:47:23 IST" skipped="0">
  <testcase classname="OrangeHRMLoginTests" name="TC002_Login_Success_Validate_Title_and_Dashboard_Elements" time="5.048"/>
  <testcase classname="OrangeHRMLoginTests" name="TC003_Login_Failure_Invalid_Credentials" time="2.891"/>
  <testcase classname="OrangeHRMLoginTests" name="TC001_Login_Success_Dashboard_Visible" time="3.242"/>
</testsuite> <!-- OrangeHRMLoginTests -->
