<?xml version="1.0" encoding="UTF-8"?>
<!-- Generated by org.testng.reporters.JUnitXMLReporter -->
<testsuite ignored="0" hostname="MSI" failures="3" tests="6" name="Surefire test" time="80.361" errors="0" timestamp="2025-12-27T12:35:16 IST">
  <testcase classname="OrangeHRMLoginPersonalDetailsTestWithExtentTest" name="loginAndVerifyFirstNameIsNotEmpty" time="13.531">
    <failure type="java.lang.AssertionError" message="java.lang.AssertionError: First Name value should not be null/empty/whitespace-only. expected [true] but found [false]">
      <![CDATA[java.lang.AssertionError: java.lang.AssertionError: First Name value should not be null/empty/whitespace-only. expected [true] but found [false]
at OrangeHRMLoginPersonalDetailsTestWithExtentTest.loginAndVerifyFirstNameIsNotEmpty(OrangeHRMLoginPersonalDetailsTestWithExtentTest.java:157)
at java.base/java.util.ArrayList.forEach(ArrayList.java:1597)
Caused by: java.lang.AssertionError: First Name value should not be null/empty/whitespace-only. expected [true] but found [false]
at OrangeHRMLoginPersonalDetailsTestWithExtentTest.loginAndVerifyFirstNameIsNotEmpty(OrangeHRMLoginPersonalDetailsTestWithExtentTest.java:144)
... 31 more
... Removed 33 stack frames]]>
    </failure>
  </testcase> <!-- loginAndVerifyFirstNameIsNotEmpty -->
  <testcase classname="OrangeHRMLoginTest" name="shouldLoginWithValidCredentialsAndSeeDashboard" time="15.338"/>
  <testcase classname="OrangeHRMLoginTests" name="TC001_Login_Success_Dashboard_Visible" time="5.003"/>
  <testcase classname="OrangeHRMLoginTests" name="TC002_Login_Success_Validate_Title_and_Dashboard_Elements" time="11.681">
    <failure type="java.lang.AssertionError" message="User is redirected to the dashboard expected [true] but found [false]">
      <![CDATA[java.lang.AssertionError: User is redirected to the dashboard expected [true] but found [false]
at OrangeHRMLoginTests.TC002_Login_Success_Validate_Title_and_Dashboard_Elements(OrangeHRMLoginTests.java:63)
at java.base/java.util.ArrayList.forEach(ArrayList.java:1597)
... Removed 33 stack frames]]>
    </failure>
  </testcase> <!-- TC002_Login_Success_Validate_Title_and_Dashboard_Elements -->
  <testcase classname="OrangeHRMLoginTests" name="TC003_Login_Failure_Invalid_Credentials" time="3.577"/>
  <testcase classname="OrangeHrmMyInfoFirstNameTest" name="loginAndVerifyFirstNameIsNotEmpty" time="10.667">
    <failure type="java.lang.AssertionError" message="First Name value should not be empty or whitespace-only. expected [false] but found [true]">
      <![CDATA[java.lang.AssertionError: First Name value should not be empty or whitespace-only. expected [false] but found [true]
at OrangeHrmMyInfoFirstNameTest.loginAndVerifyFirstNameIsNotEmpty(OrangeHrmMyInfoFirstNameTest.java:98)
at java.base/java.util.ArrayList.forEach(ArrayList.java:1597)
... Removed 33 stack frames]]>
    </failure>
  </testcase> <!-- loginAndVerifyFirstNameIsNotEmpty -->
</testsuite> <!-- Surefire test -->
